0 verbose cli C:\Program Files\nodejs\node.exe C:\Program Files\nodejs\node_modules\npm\bin\npm-cli.js
1 info using npm@10.9.3
2 info using node@v22.20.0
3 silly config load:file:C:\Program Files\nodejs\node_modules\npm\npmrc
4 silly config load:file:C:\Users\hp\OneDrive\Desktop\portal-adv\techclub-portal\backend\.npmrc
5 silly config load:file:C:\Users\hp\.npmrc
6 silly config load:file:C:\Users\hp\AppData\Roaming\npm\etc\npmrc
7 verbose title npm install
8 verbose argv "install" "--cache" ".npm-cache"
9 verbose logfile logs-max:10 dir:C:\Users\hp\OneDrive\Desktop\portal-adv\techclub-portal\backend\.npm-cache\_logs\2026-03-27T20_11_32_935Z-
10 verbose logfile C:\Users\hp\OneDrive\Desktop\portal-adv\techclub-portal\backend\.npm-cache\_logs\2026-03-27T20_11_32_935Z-debug-0.log
11 silly logfile done cleaning log files
12 silly packumentCache heap:4345298944 maxSize:1086324736 maxEntrySize:543162368
13 silly idealTree buildDeps
14 silly fetch manifest cors@^2.8.6
15 silly packumentCache full:https://registry.npmjs.org/cors cache-miss
16 http fetch GET 200 https://registry.npmjs.org/cors 77ms (cache miss)
17 silly packumentCache full:https://registry.npmjs.org/cors set size:undefined disposed:false
18 silly fetch manifest dotenv@^17.3.1
19 silly packumentCache full:https://registry.npmjs.org/dotenv cache-miss
20 http fetch GET 200 https://registry.npmjs.org/dotenv 41ms (cache miss)
21 silly packumentCache full:https://registry.npmjs.org/dotenv set size:undefined disposed:false
22 silly fetch manifest express@^5.2.1
23 silly packumentCache full:https://registry.npmjs.org/express cache-miss
24 http fetch GET 200 https://registry.npmjs.org/npm 202ms
25 http fetch GET 200 https://registry.npmjs.org/express 327ms (cache miss)
26 silly packumentCache full:https://registry.npmjs.org/express set size:undefined disposed:false
27 silly fetch manifest mongoose@^9.3.3
28 silly packumentCache full:https://registry.npmjs.org/mongoose cache-miss
29 http fetch GET 200 https://registry.npmjs.org/mongoose 824ms (cache miss)
30 silly packumentCache full:https://registry.npmjs.org/mongoose set size:undefined disposed:false
31 silly fetch manifest nodemon@^3.1.14
32 silly packumentCache full:https://registry.npmjs.org/nodemon cache-miss
33 http fetch GET 200 https://registry.npmjs.org/nodemon 299ms (cache miss)
34 silly packumentCache full:https://registry.npmjs.org/nodemon set size:undefined disposed:false
35 silly placeDep ROOT cors@2.8.6 OK for: techclub-portal-backend@1.0.0 want: ^2.8.6
36 silly placeDep ROOT dotenv@17.3.1 OK for: techclub-portal-backend@1.0.0 want: ^17.3.1
37 silly placeDep ROOT express@5.2.1 OK for: techclub-portal-backend@1.0.0 want: ^5.2.1
38 silly placeDep ROOT mongoose@9.3.3 OK for: techclub-portal-backend@1.0.0 want: ^9.3.3
39 silly placeDep ROOT nodemon@3.1.14 OK for: techclub-portal-backend@1.0.0 want: ^3.1.14
40 silly fetch manifest object-assign@^4
41 silly packumentCache full:https://registry.npmjs.org/object-assign cache-miss
42 silly fetch manifest vary@^1
43 silly packumentCache full:https://registry.npmjs.org/vary cache-miss
44 silly fetch manifest qs@^6.14.0
45 silly packumentCache full:https://registry.npmjs.org/qs cache-miss
46 silly fetch manifest depd@^2.0.0
47 silly packumentCache full:https://registry.npmjs.org/depd cache-miss
48 silly fetch manifest etag@^1.8.1
49 silly packumentCache full:https://registry.npmjs.org/etag cache-miss
50 silly fetch manifest once@^1.4.0
51 silly packumentCache full:https://registry.npmjs.org/once cache-miss
52 silly fetch manifest send@^1.1.0
53 silly packumentCache full:https://registry.npmjs.org/send cache-miss
54 http fetch GET 200 https://registry.npmjs.org/vary 34ms (cache miss)
55 silly packumentCache full:https://registry.npmjs.org/vary set size:undefined disposed:false
56 silly fetch manifest vary@^1.1.2
57 silly packumentCache full:https://registry.npmjs.org/vary cache-miss
58 http cache https://registry.npmjs.org/vary 12ms (cache hit)
59 silly packumentCache full:https://registry.npmjs.org/vary set size:16018 disposed:false
60 silly fetch manifest debug@^4.4.0
61 silly packumentCache full:https://registry.npmjs.org/debug cache-miss
62 http fetch GET 200 https://registry.npmjs.org/qs 70ms (cache miss)
63 silly packumentCache full:https://registry.npmjs.org/qs set size:undefined disposed:false
64 silly fetch manifest fresh@^2.0.0
65 silly packumentCache full:https://registry.npmjs.org/fresh cache-miss
66 http fetch GET 200 https://registry.npmjs.org/object-assign 78ms (cache miss)
67 silly packumentCache full:https://registry.npmjs.org/object-assign set size:undefined disposed:false
68 silly fetch manifest cookie@^0.7.1
69 silly packumentCache full:https://registry.npmjs.org/cookie cache-miss
70 http fetch GET 200 https://registry.npmjs.org/once 98ms (cache miss)
71 silly packumentCache full:https://registry.npmjs.org/once set size:undefined disposed:false
72 silly fetch manifest router@^2.2.0
73 silly packumentCache full:https://registry.npmjs.org/router cache-miss
74 http fetch GET 200 https://registry.npmjs.org/depd 106ms (cache miss)
75 silly packumentCache full:https://registry.npmjs.org/depd set size:undefined disposed:false
76 silly fetch manifest accepts@^2.0.0
77 silly packumentCache full:https://registry.npmjs.org/accepts cache-miss
78 http fetch GET 200 https://registry.npmjs.org/fresh 37ms (cache miss)
79 silly packumentCache full:https://registry.npmjs.org/fresh set size:undefined disposed:false
80 silly fetch manifest type-is@^2.0.1
81 silly packumentCache full:https://registry.npmjs.org/type-is cache-miss
82 http fetch GET 200 https://registry.npmjs.org/cookie 44ms (cache miss)
83 silly packumentCache full:https://registry.npmjs.org/cookie set size:undefined disposed:false
84 silly fetch manifest parseurl@^1.3.3
85 silly packumentCache full:https://registry.npmjs.org/parseurl cache-miss
86 http fetch GET 200 https://registry.npmjs.org/accepts 29ms (cache miss)
87 silly packumentCache full:https://registry.npmjs.org/accepts set size:undefined disposed:false
88 silly fetch manifest statuses@^2.0.1
89 silly packumentCache full:https://registry.npmjs.org/statuses cache-miss
90 http fetch GET 200 https://registry.npmjs.org/type-is 48ms (cache miss)
91 silly packumentCache full:https://registry.npmjs.org/type-is set size:undefined disposed:false
92 silly fetch manifest encodeurl@^2.0.0
93 silly packumentCache full:https://registry.npmjs.org/encodeurl cache-miss
94 http fetch GET 200 https://registry.npmjs.org/statuses 32ms (cache miss)
95 silly packumentCache full:https://registry.npmjs.org/statuses set size:undefined disposed:false
96 silly fetch manifest mime-types@^3.0.0
97 silly packumentCache full:https://registry.npmjs.org/mime-types cache-miss
98 http fetch GET 200 https://registry.npmjs.org/mime-types 32ms (cache miss)
99 silly packumentCache full:https://registry.npmjs.org/mime-types set size:undefined disposed:false
100 silly fetch manifest proxy-addr@^2.0.7
101 silly packumentCache full:https://registry.npmjs.org/proxy-addr cache-miss
102 http fetch GET 200 https://registry.npmjs.org/parseurl 94ms (cache miss)
103 silly packumentCache full:https://registry.npmjs.org/parseurl set size:undefined disposed:false
104 silly fetch manifest body-parser@^2.2.1
105 silly packumentCache full:https://registry.npmjs.org/body-parser cache-miss
106 http fetch GET 200 https://registry.npmjs.org/router 122ms (cache miss)
107 silly packumentCache full:https://registry.npmjs.org/router set size:undefined disposed:false
108 silly fetch manifest escape-html@^1.0.3
109 silly packumentCache full:https://registry.npmjs.org/escape-html cache-miss
110 http fetch GET 200 https://registry.npmjs.org/proxy-addr 29ms (cache miss)
111 silly packumentCache full:https://registry.npmjs.org/proxy-addr set size:undefined disposed:false
112 silly fetch manifest http-errors@^2.0.0
113 silly packumentCache full:https://registry.npmjs.org/http-errors cache-miss
114 http fetch GET 200 https://registry.npmjs.org/encodeurl 103ms (cache miss)
115 silly packumentCache full:https://registry.npmjs.org/encodeurl set size:undefined disposed:false
116 silly fetch manifest on-finished@^2.4.1
117 silly packumentCache full:https://registry.npmjs.org/on-finished cache-miss
118 http fetch GET 200 https://registry.npmjs.org/http-errors 33ms (cache miss)
119 silly packumentCache full:https://registry.npmjs.org/http-errors set size:undefined disposed:false
120 silly fetch manifest content-type@^1.0.5
121 silly packumentCache full:https://registry.npmjs.org/content-type cache-miss
122 http fetch GET 200 https://registry.npmjs.org/escape-html 47ms (cache miss)
123 silly packumentCache full:https://registry.npmjs.org/escape-html set size:undefined disposed:false
124 silly fetch manifest finalhandler@^2.1.0
125 silly packumentCache full:https://registry.npmjs.org/finalhandler cache-miss
126 http fetch GET 200 https://registry.npmjs.org/body-parser 55ms (cache miss)
127 silly packumentCache full:https://registry.npmjs.org/body-parser set size:undefined disposed:false
128 silly fetch manifest range-parser@^1.2.1
129 silly packumentCache full:https://registry.npmjs.org/range-parser cache-miss
130 http fetch GET 200 https://registry.npmjs.org/content-type 28ms (cache miss)
131 silly packumentCache full:https://registry.npmjs.org/content-type set size:undefined disposed:false
132 silly fetch manifest serve-static@^2.2.0
133 silly packumentCache full:https://registry.npmjs.org/serve-static cache-miss
134 http fetch GET 200 https://registry.npmjs.org/finalhandler 64ms (cache miss)
135 silly packumentCache full:https://registry.npmjs.org/finalhandler set size:undefined disposed:false
136 silly fetch manifest cookie-signature@^1.2.1
137 silly packumentCache full:https://registry.npmjs.org/cookie-signature cache-miss
138 http fetch GET 200 https://registry.npmjs.org/range-parser 62ms (cache miss)
139 silly packumentCache full:https://registry.npmjs.org/range-parser set size:undefined disposed:false
140 silly fetch manifest merge-descriptors@^2.0.0
141 silly packumentCache full:https://registry.npmjs.org/merge-descriptors cache-miss
142 http fetch GET 200 https://registry.npmjs.org/on-finished 78ms (cache miss)
143 silly packumentCache full:https://registry.npmjs.org/on-finished set size:undefined disposed:false
144 silly fetch manifest content-disposition@^1.0.0
145 silly packumentCache full:https://registry.npmjs.org/content-disposition cache-miss
146 http fetch GET 200 https://registry.npmjs.org/etag 344ms (cache miss)
147 silly packumentCache full:https://registry.npmjs.org/etag set size:undefined disposed:false
148 silly fetch manifest kareem@3.2.0
149 silly packumentCache full:https://registry.npmjs.org/kareem cache-miss
150 http fetch GET 200 https://registry.npmjs.org/serve-static 49ms (cache miss)
151 silly packumentCache full:https://registry.npmjs.org/serve-static set size:undefined disposed:false
152 silly fetch manifest mpath@0.9.0
153 silly packumentCache full:https://registry.npmjs.org/mpath cache-miss
154 http fetch GET 200 https://registry.npmjs.org/debug 308ms (cache miss)
155 silly packumentCache full:https://registry.npmjs.org/debug set size:undefined disposed:false
156 silly fetch manifest mquery@6.0.0
157 silly packumentCache full:https://registry.npmjs.org/mquery cache-miss
158 http fetch GET 200 https://registry.npmjs.org/send 359ms (cache miss)
159 silly packumentCache full:https://registry.npmjs.org/send set size:undefined disposed:false
160 silly fetch manifest sift@17.1.3
161 silly packumentCache full:https://registry.npmjs.org/sift cache-miss
162 http fetch GET 200 https://registry.npmjs.org/cookie-signature 53ms (cache miss)
163 silly packumentCache full:https://registry.npmjs.org/cookie-signature set size:undefined disposed:false
164 silly fetch manifest debug@^4
165 silly packumentCache full:https://registry.npmjs.org/debug cache-miss
166 http fetch GET 200 https://registry.npmjs.org/merge-descriptors 56ms (cache miss)
167 silly packumentCache full:https://registry.npmjs.org/merge-descriptors set size:undefined disposed:false
168 silly fetch manifest touch@^3.1.0
169 silly packumentCache full:https://registry.npmjs.org/touch cache-miss
170 http cache https://registry.npmjs.org/debug 7ms (cache hit)
171 silly packumentCache full:https://registry.npmjs.org/debug set size:195840 disposed:false
172 silly fetch manifest chokidar@^3.5.2
173 silly packumentCache full:https://registry.npmjs.org/chokidar cache-miss
174 http fetch GET 200 https://registry.npmjs.org/content-disposition 77ms (cache miss)
175 silly packumentCache full:https://registry.npmjs.org/content-disposition set size:undefined disposed:false
176 silly fetch manifest minimatch@^10.2.1
177 silly packumentCache full:https://registry.npmjs.org/minimatch cache-miss
178 http fetch GET 200 https://registry.npmjs.org/chokidar 53ms (cache miss)
179 silly packumentCache full:https://registry.npmjs.org/chokidar set size:undefined disposed:false
180 silly fetch manifest undefsafe@^2.0.5
181 silly packumentCache full:https://registry.npmjs.org/undefsafe cache-miss
182 http fetch GET 200 https://registry.npmjs.org/minimatch 64ms (cache miss)
183 silly packumentCache full:https://registry.npmjs.org/minimatch set size:undefined disposed:false
184 silly fetch manifest pstree.remy@^1.1.8
185 silly packumentCache full:https://registry.npmjs.org/pstree.remy cache-miss
186 http fetch GET 200 https://registry.npmjs.org/mpath 320ms (cache miss)
187 silly packumentCache full:https://registry.npmjs.org/mpath set size:undefined disposed:false
188 silly fetch manifest supports-color@^5.5.0
189 silly packumentCache full:https://registry.npmjs.org/supports-color cache-miss
190 http fetch GET 200 https://registry.npmjs.org/mquery 322ms (cache miss)
191 silly packumentCache full:https://registry.npmjs.org/mquery set size:undefined disposed:false
192 silly fetch manifest ignore-by-default@^1.0.1
193 silly packumentCache full:https://registry.npmjs.org/ignore-by-default cache-miss
194 http fetch GET 200 https://registry.npmjs.org/kareem 344ms (cache miss)
195 silly packumentCache full:https://registry.npmjs.org/kareem set size:undefined disposed:false
196 silly fetch manifest simple-update-notifier@^2.0.0
197 silly packumentCache full:https://registry.npmjs.org/simple-update-notifier cache-miss
198 http fetch GET 200 https://registry.npmjs.org/touch 304ms (cache miss)
199 silly packumentCache full:https://registry.npmjs.org/touch set size:undefined disposed:false
200 http fetch GET 200 https://registry.npmjs.org/sift 351ms (cache miss)
201 silly packumentCache full:https://registry.npmjs.org/sift set size:undefined disposed:false
202 http fetch GET 200 https://registry.npmjs.org/supports-color 46ms (cache miss)
203 silly packumentCache full:https://registry.npmjs.org/supports-color set size:undefined disposed:false
204 http fetch GET 200 https://registry.npmjs.org/undefsafe 390ms (cache miss)
205 silly packumentCache full:https://registry.npmjs.org/undefsafe set size:undefined disposed:false
206 http fetch GET 200 https://registry.npmjs.org/simple-update-notifier 301ms (cache miss)
207 silly packumentCache full:https://registry.npmjs.org/simple-update-notifier set size:undefined disposed:false
208 http fetch GET 200 https://registry.npmjs.org/pstree.remy 859ms (cache miss)
209 silly packumentCache full:https://registry.npmjs.org/pstree.remy set size:undefined disposed:false
210 http fetch GET 200 https://registry.npmjs.org/ignore-by-default 878ms (cache miss)
211 silly packumentCache full:https://registry.npmjs.org/ignore-by-default set size:undefined disposed:false
212 silly placeDep ROOT object-assign@4.1.1 OK for: cors@2.8.6 want: ^4
213 silly placeDep ROOT vary@1.1.2 OK for: cors@2.8.6 want: ^1
214 silly placeDep ROOT accepts@2.0.0 OK for: express@5.2.1 want: ^2.0.0
215 silly placeDep ROOT body-parser@2.2.2 OK for: express@5.2.1 want: ^2.2.1
216 silly placeDep ROOT content-disposition@1.0.1 OK for: express@5.2.1 want: ^1.0.0
217 silly placeDep ROOT content-type@1.0.5 OK for: express@5.2.1 want: ^1.0.5
218 silly placeDep ROOT cookie@0.7.2 OK for: express@5.2.1 want: ^0.7.1
219 silly placeDep ROOT cookie-signature@1.2.2 OK for: express@5.2.1 want: ^1.2.1
220 silly placeDep ROOT debug@4.4.3 OK for: express@5.2.1 want: ^4.4.0
221 silly placeDep ROOT depd@2.0.0 OK for: express@5.2.1 want: ^2.0.0
222 silly placeDep ROOT encodeurl@2.0.0 OK for: express@5.2.1 want: ^2.0.0
223 silly placeDep ROOT escape-html@1.0.3 OK for: express@5.2.1 want: ^1.0.3
224 silly placeDep ROOT etag@1.8.1 OK for: express@5.2.1 want: ^1.8.1
225 silly placeDep ROOT finalhandler@2.1.1 OK for: express@5.2.1 want: ^2.1.0
226 silly placeDep ROOT fresh@2.0.0 OK for: express@5.2.1 want: ^2.0.0
227 silly placeDep ROOT http-errors@2.0.1 OK for: express@5.2.1 want: ^2.0.0
228 silly placeDep ROOT merge-descriptors@2.0.0 OK for: express@5.2.1 want: ^2.0.0
229 silly placeDep ROOT mime-types@3.0.2 OK for: express@5.2.1 want: ^3.0.0
230 silly placeDep ROOT on-finished@2.4.1 OK for: express@5.2.1 want: ^2.4.1
231 silly placeDep ROOT once@1.4.0 OK for: express@5.2.1 want: ^1.4.0
232 silly placeDep ROOT parseurl@1.3.3 OK for: express@5.2.1 want: ^1.3.3
233 silly placeDep ROOT proxy-addr@2.0.7 OK for: express@5.2.1 want: ^2.0.7
234 silly placeDep ROOT qs@6.15.0 OK for: express@5.2.1 want: ^6.14.0
235 silly placeDep ROOT range-parser@1.2.1 OK for: express@5.2.1 want: ^1.2.1
236 silly placeDep ROOT router@2.2.0 OK for: express@5.2.1 want: ^2.2.0
237 silly placeDep ROOT send@1.2.1 OK for: express@5.2.1 want: ^1.1.0
238 silly placeDep ROOT serve-static@2.2.1 OK for: express@5.2.1 want: ^2.2.0
239 silly placeDep ROOT statuses@2.0.2 OK for: express@5.2.1 want: ^2.0.1
240 silly placeDep ROOT type-is@2.0.1 OK for: express@5.2.1 want: ^2.0.1
241 silly fetch manifest negotiator@^1.0.0
242 silly packumentCache full:https://registry.npmjs.org/negotiator cache-miss
243 silly fetch manifest bytes@^3.1.2
244 silly packumentCache full:https://registry.npmjs.org/bytes cache-miss
245 silly fetch manifest debug@^4.4.3
246 silly packumentCache full:https://registry.npmjs.org/debug cache-hit
247 silly fetch manifest iconv-lite@^0.7.0
248 silly packumentCache full:https://registry.npmjs.org/iconv-lite cache-miss
249 silly fetch manifest qs@^6.14.1
250 silly packumentCache full:https://registry.npmjs.org/qs cache-miss
251 silly fetch manifest raw-body@^3.0.1
252 silly packumentCache full:https://registry.npmjs.org/raw-body cache-miss
253 silly fetch manifest inherits@~2.0.4
254 silly packumentCache full:https://registry.npmjs.org/inherits cache-miss
255 silly fetch manifest setprototypeof@~1.2.0
256 silly packumentCache full:https://registry.npmjs.org/setprototypeof cache-miss
257 http cache https://registry.npmjs.org/qs 15ms (cache hit)
258 silly packumentCache full:https://registry.npmjs.org/qs set size:350258 disposed:false
259 silly fetch manifest statuses@~2.0.2
260 silly packumentCache full:https://registry.npmjs.org/statuses cache-miss
261 http cache https://registry.npmjs.org/statuses 6ms (cache hit)
262 silly packumentCache full:https://registry.npmjs.org/statuses set size:37117 disposed:false
263 silly fetch manifest toidentifier@~1.0.1
264 silly packumentCache full:https://registry.npmjs.org/toidentifier cache-miss
265 http fetch GET 200 https://registry.npmjs.org/inherits 41ms (cache miss)
266 silly packumentCache full:https://registry.npmjs.org/inherits set size:undefined disposed:false
267 silly fetch manifest mime-db@^1.54.0
268 silly packumentCache full:https://registry.npmjs.org/mime-db cache-miss
269 http fetch GET 200 https://registry.npmjs.org/iconv-lite 46ms (cache miss)
270 silly packumentCache full:https://registry.npmjs.org/iconv-lite set size:undefined disposed:false
271 silly fetch manifest ee-first@1.1.1
272 silly packumentCache full:https://registry.npmjs.org/ee-first cache-miss
273 http fetch GET 200 https://registry.npmjs.org/raw-body 59ms (cache miss)
274 silly packumentCache full:https://registry.npmjs.org/raw-body set size:undefined disposed:false
275 silly fetch manifest wrappy@1
276 silly packumentCache full:https://registry.npmjs.org/wrappy cache-miss
277 http fetch GET 200 https://registry.npmjs.org/bytes 63ms (cache miss)
278 silly packumentCache full:https://registry.npmjs.org/bytes set size:undefined disposed:false
279 silly fetch manifest forwarded@0.2.0
280 silly packumentCache full:https://registry.npmjs.org/forwarded cache-miss
281 http fetch GET 200 https://registry.npmjs.org/setprototypeof 65ms (cache miss)
282 silly packumentCache full:https://registry.npmjs.org/setprototypeof set size:undefined disposed:false
283 silly fetch manifest ipaddr.js@1.9.1
284 silly packumentCache full:https://registry.npmjs.org/ipaddr.js cache-miss
285 http fetch GET 200 https://registry.npmjs.org/forwarded 61ms (cache miss)
286 silly packumentCache full:https://registry.npmjs.org/forwarded set size:undefined disposed:false
287 silly fetch manifest side-channel@^1.1.0
288 silly packumentCache full:https://registry.npmjs.org/side-channel cache-miss
289 http fetch GET 200 https://registry.npmjs.org/toidentifier 300ms (cache miss)
290 silly packumentCache full:https://registry.npmjs.org/toidentifier set size:undefined disposed:false
291 silly fetch manifest is-promise@^4.0.0
292 silly packumentCache full:https://registry.npmjs.org/is-promise cache-miss
293 http fetch GET 200 https://registry.npmjs.org/negotiator 327ms (cache miss)
294 silly packumentCache full:https://registry.npmjs.org/negotiator set size:undefined disposed:false
295 silly fetch manifest path-to-regexp@^8.0.0
296 silly packumentCache full:https://registry.npmjs.org/path-to-regexp cache-miss
297 http fetch GET 200 https://registry.npmjs.org/ee-first 299ms (cache miss)
298 silly packumentCache full:https://registry.npmjs.org/ee-first set size:undefined disposed:false
299 silly fetch manifest statuses@^2.0.2
300 silly packumentCache full:https://registry.npmjs.org/statuses cache-hit
301 silly fetch manifest media-typer@^1.1.0
302 silly packumentCache full:https://registry.npmjs.org/media-typer cache-miss
303 http fetch GET 200 https://registry.npmjs.org/is-promise 27ms (cache miss)
304 silly packumentCache full:https://registry.npmjs.org/is-promise set size:undefined disposed:false
305 http fetch GET 200 https://registry.npmjs.org/mime-db 322ms (cache miss)
306 silly packumentCache full:https://registry.npmjs.org/mime-db set size:undefined disposed:false
307 http fetch GET 200 https://registry.npmjs.org/ipaddr.js 333ms (cache miss)
308 silly packumentCache full:https://registry.npmjs.org/ipaddr.js set size:undefined disposed:false
309 http fetch GET 200 https://registry.npmjs.org/side-channel 292ms (cache miss)
310 silly packumentCache full:https://registry.npmjs.org/side-channel set size:undefined disposed:false
311 http fetch GET 200 https://registry.npmjs.org/media-typer 293ms (cache miss)
312 silly packumentCache full:https://registry.npmjs.org/media-typer set size:undefined disposed:false
313 http fetch GET 200 https://registry.npmjs.org/wrappy 819ms (cache miss)
314 silly packumentCache full:https://registry.npmjs.org/wrappy set size:undefined disposed:false
315 http fetch GET 200 https://registry.npmjs.org/path-to-regexp 867ms (cache miss)
316 silly packumentCache full:https://registry.npmjs.org/path-to-regexp set size:undefined disposed:false
317 silly placeDep ROOT negotiator@1.0.0 OK for: accepts@2.0.0 want: ^1.0.0
318 silly placeDep ROOT bytes@3.1.2 OK for: body-parser@2.2.2 want: ^3.1.2
319 silly placeDep ROOT iconv-lite@0.7.2 OK for: body-parser@2.2.2 want: ^0.7.0
320 silly placeDep ROOT raw-body@3.0.2 OK for: body-parser@2.2.2 want: ^3.0.1
321 silly fetch manifest safer-buffer@>= 2.1.2 < 3.0.0
322 silly packumentCache full:https://registry.npmjs.org/safer-buffer cache-miss
323 silly fetch manifest unpipe@~1.0.0
324 silly packumentCache full:https://registry.npmjs.org/unpipe cache-miss
325 http fetch GET 200 https://registry.npmjs.org/safer-buffer 311ms (cache miss)
326 silly packumentCache full:https://registry.npmjs.org/safer-buffer set size:undefined disposed:false
327 http fetch GET 200 https://registry.npmjs.org/unpipe 869ms (cache miss)
328 silly packumentCache full:https://registry.npmjs.org/unpipe set size:undefined disposed:false
329 silly placeDep ROOT inherits@2.0.4 OK for: http-errors@2.0.1 want: ~2.0.4
330 silly placeDep ROOT setprototypeof@1.2.0 OK for: http-errors@2.0.1 want: ~1.2.0
331 silly placeDep ROOT toidentifier@1.0.1 OK for: http-errors@2.0.1 want: ~1.0.1
332 silly placeDep ROOT safer-buffer@2.1.2 OK for: iconv-lite@0.7.2 want: >= 2.1.2 < 3.0.0
333 silly placeDep ROOT mime-db@1.54.0 OK for: mime-types@3.0.2 want: ^1.54.0
334 silly placeDep ROOT kareem@3.2.0 OK for: mongoose@9.3.3 want: 3.2.0
335 silly placeDep ROOT mpath@0.9.0 OK for: mongoose@9.3.3 want: 0.9.0
336 silly placeDep ROOT mquery@6.0.0 OK for: mongoose@9.3.3 want: 6.0.0
337 silly placeDep ROOT sift@17.1.3 OK for: mongoose@9.3.3 want: 17.1.3
338 silly placeDep ROOT chokidar@3.6.0 OK for: nodemon@3.1.14 want: ^3.5.2
339 silly placeDep ROOT ignore-by-default@1.0.1 OK for: nodemon@3.1.14 want: ^1.0.1
340 silly placeDep ROOT minimatch@10.2.4 OK for: nodemon@3.1.14 want: ^10.2.1
341 silly placeDep ROOT pstree.remy@1.1.8 OK for: nodemon@3.1.14 want: ^1.1.8
342 silly placeDep ROOT simple-update-notifier@2.0.0 OK for: nodemon@3.1.14 want: ^2.0.0
343 silly placeDep ROOT supports-color@5.5.0 OK for: nodemon@3.1.14 want: ^5.5.0
344 silly placeDep ROOT touch@3.1.1 OK for: nodemon@3.1.14 want: ^3.1.0
345 silly placeDep ROOT undefsafe@2.0.5 OK for: nodemon@3.1.14 want: ^2.0.5
346 silly fetch manifest braces@~3.0.2
347 silly packumentCache full:https://registry.npmjs.org/braces cache-miss
348 silly fetch manifest is-glob@~4.0.1
349 silly packumentCache full:https://registry.npmjs.org/is-glob cache-miss
350 silly fetch manifest anymatch@~3.1.2
351 silly packumentCache full:https://registry.npmjs.org/anymatch cache-miss
352 silly fetch manifest readdirp@~3.6.0
353 silly packumentCache full:https://registry.npmjs.org/readdirp cache-miss
354 silly fetch manifest glob-parent@~5.1.2
355 silly packumentCache full:https://registry.npmjs.org/glob-parent cache-miss
356 silly fetch manifest is-binary-path@~2.1.0
357 silly packumentCache full:https://registry.npmjs.org/is-binary-path cache-miss
358 silly fetch manifest normalize-path@~3.0.0
359 silly packumentCache full:https://registry.npmjs.org/normalize-path cache-miss
360 http fetch GET 200 https://registry.npmjs.org/glob-parent 27ms (cache miss)
361 silly packumentCache full:https://registry.npmjs.org/glob-parent set size:undefined disposed:false
362 silly fetch manifest fsevents@~2.3.2
363 silly packumentCache full:https://registry.npmjs.org/fsevents cache-miss
364 http fetch GET 200 https://registry.npmjs.org/is-glob 51ms (cache miss)
365 silly packumentCache full:https://registry.npmjs.org/is-glob set size:undefined disposed:false
366 silly fetch manifest brace-expansion@^5.0.2
367 silly packumentCache full:https://registry.npmjs.org/brace-expansion cache-miss
368 http fetch GET 200 https://registry.npmjs.org/braces 53ms (cache miss)
369 silly packumentCache full:https://registry.npmjs.org/braces set size:undefined disposed:false
370 silly fetch manifest has-flag@^3.0.0
371 silly packumentCache full:https://registry.npmjs.org/has-flag cache-miss
372 http fetch GET 200 https://registry.npmjs.org/readdirp 56ms (cache miss)
373 silly packumentCache full:https://registry.npmjs.org/readdirp set size:undefined disposed:false
374 http fetch GET 200 https://registry.npmjs.org/fsevents 37ms (cache miss)
375 silly packumentCache full:https://registry.npmjs.org/fsevents set size:undefined disposed:false
376 http fetch GET 200 https://registry.npmjs.org/brace-expansion 57ms (cache miss)
377 silly packumentCache full:https://registry.npmjs.org/brace-expansion set size:undefined disposed:false
378 http fetch GET 200 https://registry.npmjs.org/has-flag 60ms (cache miss)
379 silly packumentCache full:https://registry.npmjs.org/has-flag set size:undefined disposed:false
380 http fetch GET 200 https://registry.npmjs.org/anymatch 303ms (cache miss)
381 silly packumentCache full:https://registry.npmjs.org/anymatch set size:undefined disposed:false
382 http fetch GET 200 https://registry.npmjs.org/is-binary-path 307ms (cache miss)
383 silly packumentCache full:https://registry.npmjs.org/is-binary-path set size:undefined disposed:false
384 http fetch GET 200 https://registry.npmjs.org/normalize-path 312ms (cache miss)
385 silly packumentCache full:https://registry.npmjs.org/normalize-path set size:undefined disposed:false
386 silly placeDep ROOT anymatch@3.1.3 OK for: chokidar@3.6.0 want: ~3.1.2
387 silly placeDep ROOT braces@3.0.3 OK for: chokidar@3.6.0 want: ~3.0.2
388 silly placeDep ROOT fsevents@2.3.3 OK for: chokidar@3.6.0 want: ~2.3.2
389 silly placeDep ROOT glob-parent@5.1.2 OK for: chokidar@3.6.0 want: ~5.1.2
390 silly placeDep ROOT is-binary-path@2.1.0 OK for: chokidar@3.6.0 want: ~2.1.0
391 silly placeDep ROOT is-glob@4.0.3 OK for: chokidar@3.6.0 want: ~4.0.1
392 silly placeDep ROOT normalize-path@3.0.0 OK for: chokidar@3.6.0 want: ~3.0.0
393 silly placeDep ROOT readdirp@3.6.0 OK for: chokidar@3.6.0 want: ~3.6.0
394 silly fetch manifest picomatch@^2.0.4
395 silly packumentCache full:https://registry.npmjs.org/picomatch cache-miss
396 silly fetch manifest normalize-path@^3.0.0
397 silly packumentCache full:https://registry.npmjs.org/normalize-path cache-miss
398 silly fetch manifest fill-range@^7.1.1
399 silly packumentCache full:https://registry.npmjs.org/fill-range cache-miss
400 silly fetch manifest is-glob@^4.0.1
401 silly packumentCache full:https://registry.npmjs.org/is-glob cache-miss
402 silly fetch manifest binary-extensions@^2.0.0
403 silly packumentCache full:https://registry.npmjs.org/binary-extensions cache-miss
404 silly fetch manifest is-extglob@^2.1.1
405 silly packumentCache full:https://registry.npmjs.org/is-extglob cache-miss
406 silly fetch manifest picomatch@^2.2.1
407 silly packumentCache full:https://registry.npmjs.org/picomatch cache-miss
408 http cache https://registry.npmjs.org/normalize-path 15ms (cache hit)
409 silly packumentCache full:https://registry.npmjs.org/normalize-path set size:28713 disposed:false
410 http cache https://registry.npmjs.org/is-glob 18ms (cache hit)
411 silly packumentCache full:https://registry.npmjs.org/is-glob set size:40530 disposed:false
412 http fetch GET 200 https://registry.npmjs.org/binary-extensions 132ms (cache miss)
413 silly packumentCache full:https://registry.npmjs.org/binary-extensions set size:undefined disposed:false
414 http fetch GET 200 https://registry.npmjs.org/is-extglob 327ms (cache miss)
415 silly packumentCache full:https://registry.npmjs.org/is-extglob set size:undefined disposed:false
416 http fetch GET 200 https://registry.npmjs.org/picomatch 333ms (cache miss)
417 silly packumentCache full:https://registry.npmjs.org/picomatch set size:undefined disposed:false
418 http fetch GET 200 https://registry.npmjs.org/picomatch 338ms (cache miss)
419 silly packumentCache full:https://registry.npmjs.org/picomatch set size:undefined disposed:false
420 http fetch GET 200 https://registry.npmjs.org/fill-range 823ms (cache miss)
421 silly packumentCache full:https://registry.npmjs.org/fill-range set size:undefined disposed:false
422 silly placeDep ROOT picomatch@2.3.2 OK for: anymatch@3.1.3 want: ^2.0.4
423 silly placeDep ROOT fill-range@7.1.1 OK for: braces@3.0.3 want: ^7.1.1
424 silly fetch manifest to-regex-range@^5.0.1
425 silly packumentCache full:https://registry.npmjs.org/to-regex-range cache-miss
426 http fetch GET 200 https://registry.npmjs.org/to-regex-range 300ms (cache miss)
427 silly packumentCache full:https://registry.npmjs.org/to-regex-range set size:undefined disposed:false
428 silly placeDep ROOT to-regex-range@5.0.1 OK for: fill-range@7.1.1 want: ^5.0.1
429 silly fetch manifest is-number@^7.0.0
430 silly packumentCache full:https://registry.npmjs.org/is-number cache-miss
431 http fetch GET 200 https://registry.npmjs.org/is-number 333ms (cache miss)
432 silly packumentCache full:https://registry.npmjs.org/is-number set size:undefined disposed:false
433 silly placeDep ROOT binary-extensions@2.3.0 OK for: is-binary-path@2.1.0 want: ^2.0.0
434 silly placeDep ROOT is-extglob@2.1.1 OK for: is-glob@4.0.3 want: ^2.1.1
435 silly placeDep ROOT brace-expansion@5.0.5 OK for: minimatch@10.2.4 want: ^5.0.2
436 silly fetch manifest balanced-match@^4.0.2
437 silly packumentCache full:https://registry.npmjs.org/balanced-match cache-miss
438 http fetch GET 200 https://registry.npmjs.org/balanced-match 50ms (cache miss)
439 silly packumentCache full:https://registry.npmjs.org/balanced-match set size:undefined disposed:false
440 silly placeDep ROOT balanced-match@4.0.4 OK for: brace-expansion@5.0.5 want: ^4.0.2
441 silly placeDep ROOT ee-first@1.1.1 OK for: on-finished@2.4.1 want: 1.1.1
442 silly placeDep ROOT wrappy@1.0.2 OK for: once@1.4.0 want: 1
443 silly placeDep ROOT forwarded@0.2.0 OK for: proxy-addr@2.0.7 want: 0.2.0
444 silly placeDep ROOT ipaddr.js@1.9.1 OK for: proxy-addr@2.0.7 want: 1.9.1
445 silly placeDep ROOT side-channel@1.1.0 OK for: qs@6.15.0 want: ^1.1.0
446 silly fetch manifest es-errors@^1.3.0
447 silly packumentCache full:https://registry.npmjs.org/es-errors cache-miss
448 silly fetch manifest object-inspect@^1.13.3
449 silly packumentCache full:https://registry.npmjs.org/object-inspect cache-miss
450 silly fetch manifest side-channel-list@^1.0.0
451 silly packumentCache full:https://registry.npmjs.org/side-channel-list cache-miss
452 silly fetch manifest side-channel-map@^1.0.1
453 silly packumentCache full:https://registry.npmjs.org/side-channel-map cache-miss
454 silly fetch manifest side-channel-weakmap@^1.0.2
455 silly packumentCache full:https://registry.npmjs.org/side-channel-weakmap cache-miss
456 http fetch GET 200 https://registry.npmjs.org/es-errors 50ms (cache miss)
457 silly packumentCache full:https://registry.npmjs.org/es-errors set size:undefined disposed:false
458 http fetch GET 200 https://registry.npmjs.org/side-channel-list 69ms (cache miss)
459 silly packumentCache full:https://registry.npmjs.org/side-channel-list set size:undefined disposed:false
460 http fetch GET 200 https://registry.npmjs.org/object-inspect 302ms (cache miss)
461 silly packumentCache full:https://registry.npmjs.org/object-inspect set size:undefined disposed:false
462 http fetch GET 200 https://registry.npmjs.org/side-channel-weakmap 308ms (cache miss)
463 silly packumentCache full:https://registry.npmjs.org/side-channel-weakmap set size:undefined disposed:false
464 http fetch GET 200 https://registry.npmjs.org/side-channel-map 310ms (cache miss)
465 silly packumentCache full:https://registry.npmjs.org/side-channel-map set size:undefined disposed:false
466 silly placeDep ROOT unpipe@1.0.0 OK for: raw-body@3.0.2 want: ~1.0.0
467 silly placeDep ROOT is-promise@4.0.0 OK for: router@2.2.0 want: ^4.0.0
468 silly placeDep ROOT path-to-regexp@8.4.0 OK for: router@2.2.0 want: ^8.0.0
469 silly placeDep ROOT es-errors@1.3.0 OK for: side-channel@1.1.0 want: ^1.3.0
470 silly placeDep ROOT object-inspect@1.13.4 OK for: side-channel@1.1.0 want: ^1.13.3
471 silly placeDep ROOT side-channel-list@1.0.0 OK for: side-channel@1.1.0 want: ^1.0.0
472 silly placeDep ROOT side-channel-map@1.0.1 OK for: side-channel@1.1.0 want: ^1.0.1
473 silly placeDep ROOT side-channel-weakmap@1.0.2 OK for: side-channel@1.1.0 want: ^1.0.2
474 silly fetch manifest call-bound@^1.0.2
475 silly packumentCache full:https://registry.npmjs.org/call-bound cache-miss
476 silly fetch manifest get-intrinsic@^1.2.5
477 silly packumentCache full:https://registry.npmjs.org/get-intrinsic cache-miss
478 silly fetch manifest call-bound@^1.0.2
479 silly packumentCache full:https://registry.npmjs.org/call-bound cache-miss
480 silly fetch manifest get-intrinsic@^1.2.5
481 silly packumentCache full:https://registry.npmjs.org/get-intrinsic cache-miss
482 http fetch GET 200 https://registry.npmjs.org/call-bound 56ms (cache miss)
483 silly packumentCache full:https://registry.npmjs.org/call-bound set size:undefined disposed:false
484 http fetch GET 200 https://registry.npmjs.org/get-intrinsic 57ms (cache miss)
485 silly packumentCache full:https://registry.npmjs.org/get-intrinsic set size:undefined disposed:false
486 http fetch GET 200 https://registry.npmjs.org/get-intrinsic 59ms (cache miss)
487 silly packumentCache full:https://registry.npmjs.org/get-intrinsic set size:undefined disposed:false
488 http fetch GET 200 https://registry.npmjs.org/call-bound 289ms (cache miss)
489 silly packumentCache full:https://registry.npmjs.org/call-bound set size:undefined disposed:false
490 silly placeDep ROOT call-bound@1.0.4 OK for: side-channel-map@1.0.1 want: ^1.0.2
491 silly placeDep ROOT get-intrinsic@1.3.0 OK for: side-channel-map@1.0.1 want: ^1.2.5
492 silly fetch manifest call-bind-apply-helpers@^1.0.2
493 silly packumentCache full:https://registry.npmjs.org/call-bind-apply-helpers cache-miss
494 silly fetch manifest get-intrinsic@^1.3.0
495 silly packumentCache full:https://registry.npmjs.org/get-intrinsic cache-miss
496 silly fetch manifest gopd@^1.2.0
497 silly packumentCache full:https://registry.npmjs.org/gopd cache-miss
498 silly fetch manifest hasown@^2.0.2
499 silly packumentCache full:https://registry.npmjs.org/hasown cache-miss
500 silly fetch manifest get-proto@^1.0.1
501 silly packumentCache full:https://registry.npmjs.org/get-proto cache-miss
502 silly fetch manifest has-symbols@^1.1.0
503 silly packumentCache full:https://registry.npmjs.org/has-symbols cache-miss
504 silly fetch manifest function-bind@^1.1.2
505 silly packumentCache full:https://registry.npmjs.org/function-bind cache-miss
506 http cache https://registry.npmjs.org/get-intrinsic 12ms (cache hit)
507 silly packumentCache full:https://registry.npmjs.org/get-intrinsic set size:60985 disposed:false
508 silly fetch manifest es-object-atoms@^1.1.1
509 silly packumentCache full:https://registry.npmjs.org/es-object-atoms cache-miss
510 http fetch GET 200 https://registry.npmjs.org/call-bind-apply-helpers 31ms (cache miss)
511 silly packumentCache full:https://registry.npmjs.org/call-bind-apply-helpers set size:undefined disposed:false
512 silly fetch manifest math-intrinsics@^1.1.0
513 silly packumentCache full:https://registry.npmjs.org/math-intrinsics cache-miss
514 http fetch GET 200 https://registry.npmjs.org/gopd 39ms (cache miss)
515 silly packumentCache full:https://registry.npmjs.org/gopd set size:undefined disposed:false
516 silly fetch manifest es-define-property@^1.0.1
517 silly packumentCache full:https://registry.npmjs.org/es-define-property cache-miss
518 http fetch GET 200 https://registry.npmjs.org/es-object-atoms 28ms (cache miss)
519 silly packumentCache full:https://registry.npmjs.org/es-object-atoms set size:undefined disposed:false
520 http fetch GET 200 https://registry.npmjs.org/hasown 42ms (cache miss)
521 silly packumentCache full:https://registry.npmjs.org/hasown set size:undefined disposed:false
522 http fetch GET 200 https://registry.npmjs.org/math-intrinsics 26ms (cache miss)
523 silly packumentCache full:https://registry.npmjs.org/math-intrinsics set size:undefined disposed:false
524 http fetch GET 200 https://registry.npmjs.org/function-bind 66ms (cache miss)
525 silly packumentCache full:https://registry.npmjs.org/function-bind set size:undefined disposed:false
526 http fetch GET 200 https://registry.npmjs.org/es-define-property 28ms (cache miss)
527 silly packumentCache full:https://registry.npmjs.org/es-define-property set size:undefined disposed:false
528 http fetch GET 200 https://registry.npmjs.org/get-proto 120ms (cache miss)
529 silly packumentCache full:https://registry.npmjs.org/get-proto set size:undefined disposed:false
530 http fetch GET 200 https://registry.npmjs.org/has-symbols 327ms (cache miss)
531 silly packumentCache full:https://registry.npmjs.org/has-symbols set size:undefined disposed:false
532 silly placeDep ROOT call-bind-apply-helpers@1.0.2 OK for: call-bound@1.0.4 want: ^1.0.2
533 silly placeDep ROOT function-bind@1.1.2 OK for: call-bind-apply-helpers@1.0.2 want: ^1.1.2
534 silly placeDep ROOT es-define-property@1.0.1 OK for: get-intrinsic@1.3.0 want: ^1.0.1
535 silly placeDep ROOT es-object-atoms@1.1.1 OK for: get-intrinsic@1.3.0 want: ^1.1.1
536 silly placeDep ROOT get-proto@1.0.1 OK for: get-intrinsic@1.3.0 want: ^1.0.1
537 silly placeDep ROOT gopd@1.2.0 OK for: get-intrinsic@1.3.0 want: ^1.2.0
538 silly placeDep ROOT has-symbols@1.1.0 OK for: get-intrinsic@1.3.0 want: ^1.1.0
539 silly placeDep ROOT hasown@2.0.2 OK for: get-intrinsic@1.3.0 want: ^2.0.2
540 silly placeDep ROOT math-intrinsics@1.1.0 OK for: get-intrinsic@1.3.0 want: ^1.1.0
541 silly fetch manifest dunder-proto@^1.0.1
542 silly packumentCache full:https://registry.npmjs.org/dunder-proto cache-miss
543 http fetch GET 200 https://registry.npmjs.org/dunder-proto 35ms (cache miss)
544 silly packumentCache full:https://registry.npmjs.org/dunder-proto set size:undefined disposed:false
545 silly placeDep ROOT dunder-proto@1.0.1 OK for: get-proto@1.0.1 want: ^1.0.1
546 silly placeDep ROOT has-flag@3.0.0 OK for: supports-color@5.5.0 want: ^3.0.0
547 silly placeDep ROOT is-number@7.0.0 OK for: to-regex-range@5.0.1 want: ^7.0.0
548 silly placeDep ROOT media-typer@1.1.0 OK for: type-is@2.0.1 want: ^1.1.0
549 silly reify moves {}
550 silly audit bulk request {
550 silly audit   '@mongodb-js/saslprep': [ '1.4.6' ],
550 silly audit   '@types/webidl-conversions': [ '7.0.3' ],
550 silly audit   '@types/whatwg-url': [ '13.0.0' ],
550 silly audit   bcryptjs: [ '3.0.3' ],
550 silly audit   bson: [ '7.2.0' ],
550 silly audit   'buffer-equal-constant-time': [ '1.0.1' ],
550 silly audit   'ecdsa-sig-formatter': [ '1.0.11' ],
550 silly audit   jsonwebtoken: [ '9.0.3' ],
550 silly audit   jwa: [ '2.0.1' ],
550 silly audit   jws: [ '4.0.1' ],
550 silly audit   'lodash.includes': [ '4.3.0' ],
550 silly audit   'lodash.isboolean': [ '3.0.3' ],
550 silly audit   'lodash.isinteger': [ '4.0.4' ],
550 silly audit   'lodash.isnumber': [ '3.0.3' ],
550 silly audit   'lodash.isplainobject': [ '4.0.6' ],
550 silly audit   'lodash.isstring': [ '4.0.1' ],
550 silly audit   'lodash.once': [ '4.1.1' ],
550 silly audit   'memory-pager': [ '1.5.0' ],
550 silly audit   mongodb: [ '7.1.1' ],
550 silly audit   'mongodb-connection-string-url': [ '7.0.1' ],
550 silly audit   ms: [ '2.1.3' ],
550 silly audit   punycode: [ '2.3.1' ],
550 silly audit   'safe-buffer': [ '5.2.1' ],
550 silly audit   semver: [ '7.7.4' ],
550 silly audit   'sparse-bitfield': [ '3.0.3' ],
550 silly audit   tr46: [ '5.1.1' ],
550 silly audit   'webidl-conversions': [ '7.0.0' ],
550 silly audit   'whatwg-url': [ '14.2.0' ],
550 silly audit   cors: [ '2.8.6' ],
550 silly audit   dotenv: [ '17.3.1' ],
550 silly audit   express: [ '5.2.1' ],
550 silly audit   mongoose: [ '9.3.3' ],
550 silly audit   nodemon: [ '3.1.14' ],
550 silly audit   'object-assign': [ '4.1.1' ],
550 silly audit   vary: [ '1.1.2' ],
550 silly audit   accepts: [ '2.0.0' ],
550 silly audit   'body-parser': [ '2.2.2' ],
550 silly audit   'content-disposition': [ '1.0.1' ],
550 silly audit   'content-type': [ '1.0.5' ],
550 silly audit   cookie: [ '0.7.2' ],
550 silly audit   'cookie-signature': [ '1.2.2' ],
550 silly audit   debug: [ '4.4.3' ],
550 silly audit   depd: [ '2.0.0' ],
550 silly audit   encodeurl: [ '2.0.0' ],
550 silly audit   'escape-html': [ '1.0.3' ],
550 silly audit   etag: [ '1.8.1' ],
550 silly audit   finalhandler: [ '2.1.1' ],
550 silly audit   fresh: [ '2.0.0' ],
550 silly audit   'http-errors': [ '2.0.1' ],
550 silly audit   'merge-descriptors': [ '2.0.0' ],
550 silly audit   'mime-types': [ '3.0.2' ],
550 silly audit   'on-finished': [ '2.4.1' ],
550 silly audit   once: [ '1.4.0' ],
550 silly audit   parseurl: [ '1.3.3' ],
550 silly audit   'proxy-addr': [ '2.0.7' ],
550 silly audit   qs: [ '6.15.0' ],
550 silly audit   'range-parser': [ '1.2.1' ],
550 silly audit   router: [ '2.2.0' ],
550 silly audit   send: [ '1.2.1' ],
550 silly audit   'serve-static': [ '2.2.1' ],
550 silly audit   statuses: [ '2.0.2' ],
550 silly audit   'type-is': [ '2.0.1' ],
550 silly audit   negotiator: [ '1.0.0' ],
550 silly audit   bytes: [ '3.1.2' ],
550 silly audit   'iconv-lite': [ '0.7.2' ],
550 silly audit   'raw-body': [ '3.0.2' ],
550 silly audit   inherits: [ '2.0.4' ],
550 silly audit   setprototypeof: [ '1.2.0' ],
550 silly audit   toidentifier: [ '1.0.1' ],
550 silly audit   'safer-buffer': [ '2.1.2' ],
550 silly audit   'mime-db': [ '1.54.0' ],
550 silly audit   kareem: [ '3.2.0' ],
550 silly audit   mpath: [ '0.9.0' ],
550 silly audit   mquery: [ '6.0.0' ],
550 silly audit   sift: [ '17.1.3' ],
550 silly audit   chokidar: [ '3.6.0' ],
550 silly audit   'ignore-by-default': [ '1.0.1' ],
550 silly audit   minimatch: [ '10.2.4' ],
550 silly audit   'pstree.remy': [ '1.1.8' ],
550 silly audit   'simple-update-notifier': [ '2.0.0' ],
550 silly audit   'supports-color': [ '5.5.0' ],
550 silly audit   touch: [ '3.1.1' ],
550 silly audit   undefsafe: [ '2.0.5' ],
550 silly audit   anymatch: [ '3.1.3' ],
550 silly audit   braces: [ '3.0.3' ],
550 silly audit   fsevents: [ '2.3.3' ],
550 silly audit   'glob-parent': [ '5.1.2' ],
550 silly audit   'is-binary-path': [ '2.1.0' ],
550 silly audit   'is-glob': [ '4.0.3' ],
550 silly audit   'normalize-path': [ '3.0.0' ],
550 silly audit   readdirp: [ '3.6.0' ],
550 silly audit   picomatch: [ '2.3.2' ],
550 silly audit   'fill-range': [ '7.1.1' ],
550 silly audit   'to-regex-range': [ '5.0.1' ],
550 silly audit   'binary-extensions': [ '2.3.0' ],
550 silly audit   'is-extglob': [ '2.1.1' ],
550 silly audit   'brace-expansion': [ '5.0.5' ],
550 silly audit   'balanced-match': [ '4.0.4' ],
550 silly audit   'ee-first': [ '1.1.1' ],
550 silly audit   wrappy: [ '1.0.2' ],
550 silly audit   forwarded: [ '0.2.0' ],
550 silly audit   'ipaddr.js': [ '1.9.1' ],
550 silly audit   'side-channel': [ '1.1.0' ],
550 silly audit   unpipe: [ '1.0.0' ],
550 silly audit   'is-promise': [ '4.0.0' ],
550 silly audit   'path-to-regexp': [ '8.4.0' ],
550 silly audit   'es-errors': [ '1.3.0' ],
550 silly audit   'object-inspect': [ '1.13.4' ],
550 silly audit   'side-channel-list': [ '1.0.0' ],
550 silly audit   'side-channel-map': [ '1.0.1' ],
550 silly audit   'side-channel-weakmap': [ '1.0.2' ],
550 silly audit   'call-bound': [ '1.0.4' ],
550 silly audit   'get-intrinsic': [ '1.3.0' ],
550 silly audit   'call-bind-apply-helpers': [ '1.0.2' ],
550 silly audit   'function-bind': [ '1.1.2' ],
550 silly audit   'es-define-property': [ '1.0.1' ],
550 silly audit   'es-object-atoms': [ '1.1.1' ],
550 silly audit   'get-proto': [ '1.0.1' ],
550 silly audit   gopd: [ '1.2.0' ],
550 silly audit   'has-symbols': [ '1.1.0' ],
550 silly audit   hasown: [ '2.0.2' ],
550 silly audit   'math-intrinsics': [ '1.1.0' ],
550 silly audit   'dunder-proto': [ '1.0.1' ],
550 silly audit   'has-flag': [ '3.0.0' ],
550 silly audit   'is-number': [ '7.0.0' ],
550 silly audit   'media-typer': [ '1.1.0' ]
550 silly audit }
551 verbose reify failed optional dependency C:\Users\hp\OneDrive\Desktop\portal-adv\techclub-portal\backend\node_modules\fsevents
552 silly reify mark deleted [
552 silly reify   'C:\\Users\\hp\\OneDrive\\Desktop\\portal-adv\\techclub-portal\\backend\\node_modules\\fsevents'
552 silly reify ]
553 http cache has-flag@https://registry.npmjs.org/has-flag/-/has-flag-3.0.0.tgz 0ms (cache hit)
554 http cache media-typer@https://registry.npmjs.org/media-typer/-/media-typer-1.1.0.tgz 0ms (cache hit)
555 http cache is-number@https://registry.npmjs.org/is-number/-/is-number-7.0.0.tgz 0ms (cache hit)
556 http cache dunder-proto@https://registry.npmjs.org/dunder-proto/-/dunder-proto-1.0.1.tgz 0ms (cache hit)
557 http cache has-symbols@https://registry.npmjs.org/has-symbols/-/has-symbols-1.1.0.tgz 0ms (cache hit)
558 http cache gopd@https://registry.npmjs.org/gopd/-/gopd-1.2.0.tgz 0ms (cache hit)
559 http cache hasown@https://registry.npmjs.org/hasown/-/hasown-2.0.2.tgz 0ms (cache hit)
560 http cache math-intrinsics@https://registry.npmjs.org/math-intrinsics/-/math-intrinsics-1.1.0.tgz 0ms (cache hit)
561 http cache es-object-atoms@https://registry.npmjs.org/es-object-atoms/-/es-object-atoms-1.1.1.tgz 0ms (cache hit)
562 http cache get-proto@https://registry.npmjs.org/get-proto/-/get-proto-1.0.1.tgz 0ms (cache hit)
563 http cache es-define-property@https://registry.npmjs.org/es-define-property/-/es-define-property-1.0.1.tgz 0ms (cache hit)
564 http cache function-bind@https://registry.npmjs.org/function-bind/-/function-bind-1.1.2.tgz 0ms (cache hit)
565 http cache call-bind-apply-helpers@https://registry.npmjs.org/call-bind-apply-helpers/-/call-bind-apply-helpers-1.0.2.tgz 0ms (cache hit)
566 http cache get-intrinsic@https://registry.npmjs.org/get-intrinsic/-/get-intrinsic-1.3.0.tgz 0ms (cache hit)
567 http cache call-bound@https://registry.npmjs.org/call-bound/-/call-bound-1.0.4.tgz 0ms (cache hit)
568 http cache es-errors@https://registry.npmjs.org/es-errors/-/es-errors-1.3.0.tgz 1ms (cache hit)
569 http cache side-channel-weakmap@https://registry.npmjs.org/side-channel-weakmap/-/side-channel-weakmap-1.0.2.tgz 0ms (cache hit)
570 http cache object-inspect@https://registry.npmjs.org/object-inspect/-/object-inspect-1.13.4.tgz 0ms (cache hit)
571 http cache side-channel-map@https://registry.npmjs.org/side-channel-map/-/side-channel-map-1.0.1.tgz 0ms (cache hit)
572 http cache side-channel-list@https://registry.npmjs.org/side-channel-list/-/side-channel-list-1.0.0.tgz 0ms (cache hit)
573 http cache unpipe@https://registry.npmjs.org/unpipe/-/unpipe-1.0.0.tgz 0ms (cache hit)
574 http cache path-to-regexp@https://registry.npmjs.org/path-to-regexp/-/path-to-regexp-8.4.0.tgz 0ms (cache hit)
575 http cache side-channel@https://registry.npmjs.org/side-channel/-/side-channel-1.1.0.tgz 0ms (cache hit)
576 http cache is-promise@https://registry.npmjs.org/is-promise/-/is-promise-4.0.0.tgz 0ms (cache hit)
577 http cache forwarded@https://registry.npmjs.org/forwarded/-/forwarded-0.2.0.tgz 0ms (cache hit)
578 http cache ipaddr.js@https://registry.npmjs.org/ipaddr.js/-/ipaddr.js-1.9.1.tgz 0ms (cache hit)
579 http cache wrappy@https://registry.npmjs.org/wrappy/-/wrappy-1.0.2.tgz 0ms (cache hit)
580 http cache ee-first@https://registry.npmjs.org/ee-first/-/ee-first-1.1.1.tgz 0ms (cache hit)
581 http cache balanced-match@https://registry.npmjs.org/balanced-match/-/balanced-match-4.0.4.tgz 0ms (cache hit)
582 http cache brace-expansion@https://registry.npmjs.org/brace-expansion/-/brace-expansion-5.0.5.tgz 0ms (cache hit)
583 http cache is-extglob@https://registry.npmjs.org/is-extglob/-/is-extglob-2.1.1.tgz 0ms (cache hit)
584 http cache binary-extensions@https://registry.npmjs.org/binary-extensions/-/binary-extensions-2.3.0.tgz 0ms (cache hit)
585 http cache to-regex-range@https://registry.npmjs.org/to-regex-range/-/to-regex-range-5.0.1.tgz 0ms (cache hit)
586 http cache picomatch@https://registry.npmjs.org/picomatch/-/picomatch-2.3.2.tgz 0ms (cache hit)
587 http cache fill-range@https://registry.npmjs.org/fill-range/-/fill-range-7.1.1.tgz 0ms (cache hit)
588 http cache readdirp@https://registry.npmjs.org/readdirp/-/readdirp-3.6.0.tgz 0ms (cache hit)
589 http cache normalize-path@https://registry.npmjs.org/normalize-path/-/normalize-path-3.0.0.tgz 0ms (cache hit)
590 http cache is-glob@https://registry.npmjs.org/is-glob/-/is-glob-4.0.3.tgz 0ms (cache hit)
591 http cache is-binary-path@https://registry.npmjs.org/is-binary-path/-/is-binary-path-2.1.0.tgz 0ms (cache hit)
592 http cache glob-parent@https://registry.npmjs.org/glob-parent/-/glob-parent-5.1.2.tgz 0ms (cache hit)
593 http cache braces@https://registry.npmjs.org/braces/-/braces-3.0.3.tgz 0ms (cache hit)
594 http cache anymatch@https://registry.npmjs.org/anymatch/-/anymatch-3.1.3.tgz 0ms (cache hit)
595 http cache undefsafe@https://registry.npmjs.org/undefsafe/-/undefsafe-2.0.5.tgz 0ms (cache hit)
596 http cache touch@https://registry.npmjs.org/touch/-/touch-3.1.1.tgz 0ms (cache hit)
597 http cache pstree.remy@https://registry.npmjs.org/pstree.remy/-/pstree.remy-1.1.8.tgz 0ms (cache hit)
598 http cache simple-update-notifier@https://registry.npmjs.org/simple-update-notifier/-/simple-update-notifier-2.0.0.tgz 0ms (cache hit)
599 http cache minimatch@https://registry.npmjs.org/minimatch/-/minimatch-10.2.4.tgz 0ms (cache hit)
600 http cache supports-color@https://registry.npmjs.org/supports-color/-/supports-color-5.5.0.tgz 0ms (cache hit)
601 http cache chokidar@https://registry.npmjs.org/chokidar/-/chokidar-3.6.0.tgz 0ms (cache hit)
602 http cache ignore-by-default@https://registry.npmjs.org/ignore-by-default/-/ignore-by-default-1.0.1.tgz 0ms (cache hit)
603 http cache mpath@https://registry.npmjs.org/mpath/-/mpath-0.9.0.tgz 0ms (cache hit)
604 http cache sift@https://registry.npmjs.org/sift/-/sift-17.1.3.tgz 0ms (cache hit)
605 http cache kareem@https://registry.npmjs.org/kareem/-/kareem-3.2.0.tgz 0ms (cache hit)
606 http cache mime-db@https://registry.npmjs.org/mime-db/-/mime-db-1.54.0.tgz 0ms (cache hit)
607 http cache mquery@https://registry.npmjs.org/mquery/-/mquery-6.0.0.tgz 0ms (cache hit)
608 http cache toidentifier@https://registry.npmjs.org/toidentifier/-/toidentifier-1.0.1.tgz 0ms (cache hit)
609 http cache inherits@https://registry.npmjs.org/inherits/-/inherits-2.0.4.tgz 0ms (cache hit)
610 http cache setprototypeof@https://registry.npmjs.org/setprototypeof/-/setprototypeof-1.2.0.tgz 0ms (cache hit)
611 http cache safer-buffer@https://registry.npmjs.org/safer-buffer/-/safer-buffer-2.1.2.tgz 0ms (cache hit)
612 http cache raw-body@https://registry.npmjs.org/raw-body/-/raw-body-3.0.2.tgz 0ms (cache hit)
613 http cache iconv-lite@https://registry.npmjs.org/iconv-lite/-/iconv-lite-0.7.2.tgz 0ms (cache hit)
614 http cache bytes@https://registry.npmjs.org/bytes/-/bytes-3.1.2.tgz 0ms (cache hit)
615 http cache negotiator@https://registry.npmjs.org/negotiator/-/negotiator-1.0.0.tgz 0ms (cache hit)
616 http cache type-is@https://registry.npmjs.org/type-is/-/type-is-2.0.1.tgz 0ms (cache hit)
617 http cache statuses@https://registry.npmjs.org/statuses/-/statuses-2.0.2.tgz 0ms (cache hit)
618 http cache serve-static@https://registry.npmjs.org/serve-static/-/serve-static-2.2.1.tgz 0ms (cache hit)
619 http cache send@https://registry.npmjs.org/send/-/send-1.2.1.tgz 0ms (cache hit)
620 http cache router@https://registry.npmjs.org/router/-/router-2.2.0.tgz 0ms (cache hit)
621 http cache range-parser@https://registry.npmjs.org/range-parser/-/range-parser-1.2.1.tgz 0ms (cache hit)
622 http cache qs@https://registry.npmjs.org/qs/-/qs-6.15.0.tgz 0ms (cache hit)
623 http cache proxy-addr@https://registry.npmjs.org/proxy-addr/-/proxy-addr-2.0.7.tgz 0ms (cache hit)
624 http cache parseurl@https://registry.npmjs.org/parseurl/-/parseurl-1.3.3.tgz 0ms (cache hit)
625 http cache once@https://registry.npmjs.org/once/-/once-1.4.0.tgz 0ms (cache hit)
626 http cache on-finished@https://registry.npmjs.org/on-finished/-/on-finished-2.4.1.tgz 0ms (cache hit)
627 http cache mime-types@https://registry.npmjs.org/mime-types/-/mime-types-3.0.2.tgz 0ms (cache hit)
628 http cache merge-descriptors@https://registry.npmjs.org/merge-descriptors/-/merge-descriptors-2.0.0.tgz 0ms (cache hit)
629 http cache http-errors@https://registry.npmjs.org/http-errors/-/http-errors-2.0.1.tgz 0ms (cache hit)
630 http cache fresh@https://registry.npmjs.org/fresh/-/fresh-2.0.0.tgz 0ms (cache hit)
631 http cache etag@https://registry.npmjs.org/etag/-/etag-1.8.1.tgz 1ms (cache hit)
632 http cache escape-html@https://registry.npmjs.org/escape-html/-/escape-html-1.0.3.tgz 0ms (cache hit)
633 http cache finalhandler@https://registry.npmjs.org/finalhandler/-/finalhandler-2.1.1.tgz 0ms (cache hit)
634 http cache encodeurl@https://registry.npmjs.org/encodeurl/-/encodeurl-2.0.0.tgz 0ms (cache hit)
635 http cache depd@https://registry.npmjs.org/depd/-/depd-2.0.0.tgz 0ms (cache hit)
636 http cache cookie-signature@https://registry.npmjs.org/cookie-signature/-/cookie-signature-1.2.2.tgz 0ms (cache hit)
637 http cache cookie@https://registry.npmjs.org/cookie/-/cookie-0.7.2.tgz 0ms (cache hit)
638 http cache debug@https://registry.npmjs.org/debug/-/debug-4.4.3.tgz 0ms (cache hit)
639 http cache content-disposition@https://registry.npmjs.org/content-disposition/-/content-disposition-1.0.1.tgz 0ms (cache hit)
640 http cache content-type@https://registry.npmjs.org/content-type/-/content-type-1.0.5.tgz 0ms (cache hit)
641 http cache body-parser@https://registry.npmjs.org/body-parser/-/body-parser-2.2.2.tgz 0ms (cache hit)
642 http cache accepts@https://registry.npmjs.org/accepts/-/accepts-2.0.0.tgz 0ms (cache hit)
643 http cache vary@https://registry.npmjs.org/vary/-/vary-1.1.2.tgz 0ms (cache hit)
644 http cache object-assign@https://registry.npmjs.org/object-assign/-/object-assign-4.1.1.tgz 0ms (cache hit)
645 http cache nodemon@https://registry.npmjs.org/nodemon/-/nodemon-3.1.14.tgz 0ms (cache hit)
646 http cache mongoose@https://registry.npmjs.org/mongoose/-/mongoose-9.3.3.tgz 0ms (cache hit)
647 silly tarball no local data for has-flag@https://registry.npmjs.org/has-flag/-/has-flag-3.0.0.tgz. Extracting by manifest.
648 silly tarball no local data for media-typer@https://registry.npmjs.org/media-typer/-/media-typer-1.1.0.tgz. Extracting by manifest.
649 http cache dotenv@https://registry.npmjs.org/dotenv/-/dotenv-17.3.1.tgz 0ms (cache hit)
650 http cache express@https://registry.npmjs.org/express/-/express-5.2.1.tgz 0ms (cache hit)
651 http cache cors@https://registry.npmjs.org/cors/-/cors-2.8.6.tgz 0ms (cache hit)
652 silly tarball no local data for is-number@https://registry.npmjs.org/is-number/-/is-number-7.0.0.tgz. Extracting by manifest.
653 silly tarball no local data for dunder-proto@https://registry.npmjs.org/dunder-proto/-/dunder-proto-1.0.1.tgz. Extracting by manifest.
654 silly tarball no local data for has-symbols@https://registry.npmjs.org/has-symbols/-/has-symbols-1.1.0.tgz. Extracting by manifest.
655 silly tarball no local data for gopd@https://registry.npmjs.org/gopd/-/gopd-1.2.0.tgz. Extracting by manifest.
656 silly tarball no local data for hasown@https://registry.npmjs.org/hasown/-/hasown-2.0.2.tgz. Extracting by manifest.
657 silly tarball no local data for math-intrinsics@https://registry.npmjs.org/math-intrinsics/-/math-intrinsics-1.1.0.tgz. Extracting by manifest.
658 silly tarball no local data for es-object-atoms@https://registry.npmjs.org/es-object-atoms/-/es-object-atoms-1.1.1.tgz. Extracting by manifest.
659 silly tarball no local data for get-proto@https://registry.npmjs.org/get-proto/-/get-proto-1.0.1.tgz. Extracting by manifest.
660 silly tarball no local data for es-define-property@https://registry.npmjs.org/es-define-property/-/es-define-property-1.0.1.tgz. Extracting by manifest.
661 silly tarball no local data for function-bind@https://registry.npmjs.org/function-bind/-/function-bind-1.1.2.tgz. Extracting by manifest.
662 silly tarball no local data for call-bind-apply-helpers@https://registry.npmjs.org/call-bind-apply-helpers/-/call-bind-apply-helpers-1.0.2.tgz. Extracting by manifest.
663 silly tarball no local data for get-intrinsic@https://registry.npmjs.org/get-intrinsic/-/get-intrinsic-1.3.0.tgz. Extracting by manifest.
664 silly tarball no local data for call-bound@https://registry.npmjs.org/call-bound/-/call-bound-1.0.4.tgz. Extracting by manifest.
665 silly tarball no local data for es-errors@https://registry.npmjs.org/es-errors/-/es-errors-1.3.0.tgz. Extracting by manifest.
666 silly tarball no local data for side-channel-weakmap@https://registry.npmjs.org/side-channel-weakmap/-/side-channel-weakmap-1.0.2.tgz. Extracting by manifest.
667 silly tarball no local data for object-inspect@https://registry.npmjs.org/object-inspect/-/object-inspect-1.13.4.tgz. Extracting by manifest.
668 silly tarball no local data for side-channel-map@https://registry.npmjs.org/side-channel-map/-/side-channel-map-1.0.1.tgz. Extracting by manifest.
669 silly tarball no local data for side-channel-list@https://registry.npmjs.org/side-channel-list/-/side-channel-list-1.0.0.tgz. Extracting by manifest.
670 silly tarball no local data for unpipe@https://registry.npmjs.org/unpipe/-/unpipe-1.0.0.tgz. Extracting by manifest.
671 silly tarball no local data for path-to-regexp@https://registry.npmjs.org/path-to-regexp/-/path-to-regexp-8.4.0.tgz. Extracting by manifest.
672 silly tarball no local data for side-channel@https://registry.npmjs.org/side-channel/-/side-channel-1.1.0.tgz. Extracting by manifest.
673 silly tarball no local data for is-promise@https://registry.npmjs.org/is-promise/-/is-promise-4.0.0.tgz. Extracting by manifest.
674 silly tarball no local data for forwarded@https://registry.npmjs.org/forwarded/-/forwarded-0.2.0.tgz. Extracting by manifest.
675 silly tarball no local data for ipaddr.js@https://registry.npmjs.org/ipaddr.js/-/ipaddr.js-1.9.1.tgz. Extracting by manifest.
676 silly tarball no local data for wrappy@https://registry.npmjs.org/wrappy/-/wrappy-1.0.2.tgz. Extracting by manifest.
677 silly tarball no local data for ee-first@https://registry.npmjs.org/ee-first/-/ee-first-1.1.1.tgz. Extracting by manifest.
678 silly tarball no local data for balanced-match@https://registry.npmjs.org/balanced-match/-/balanced-match-4.0.4.tgz. Extracting by manifest.
679 silly tarball no local data for brace-expansion@https://registry.npmjs.org/brace-expansion/-/brace-expansion-5.0.5.tgz. Extracting by manifest.
680 silly tarball no local data for is-extglob@https://registry.npmjs.org/is-extglob/-/is-extglob-2.1.1.tgz. Extracting by manifest.
681 silly tarball no local data for binary-extensions@https://registry.npmjs.org/binary-extensions/-/binary-extensions-2.3.0.tgz. Extracting by manifest.
682 silly tarball no local data for to-regex-range@https://registry.npmjs.org/to-regex-range/-/to-regex-range-5.0.1.tgz. Extracting by manifest.
683 silly tarball no local data for picomatch@https://registry.npmjs.org/picomatch/-/picomatch-2.3.2.tgz. Extracting by manifest.
684 silly tarball no local data for fill-range@https://registry.npmjs.org/fill-range/-/fill-range-7.1.1.tgz. Extracting by manifest.
685 silly tarball no local data for readdirp@https://registry.npmjs.org/readdirp/-/readdirp-3.6.0.tgz. Extracting by manifest.
686 silly tarball no local data for normalize-path@https://registry.npmjs.org/normalize-path/-/normalize-path-3.0.0.tgz. Extracting by manifest.
687 silly tarball no local data for is-glob@https://registry.npmjs.org/is-glob/-/is-glob-4.0.3.tgz. Extracting by manifest.
688 silly tarball no local data for is-binary-path@https://registry.npmjs.org/is-binary-path/-/is-binary-path-2.1.0.tgz. Extracting by manifest.
689 silly tarball no local data for glob-parent@https://registry.npmjs.org/glob-parent/-/glob-parent-5.1.2.tgz. Extracting by manifest.
690 silly tarball no local data for braces@https://registry.npmjs.org/braces/-/braces-3.0.3.tgz. Extracting by manifest.
691 silly tarball no local data for anymatch@https://registry.npmjs.org/anymatch/-/anymatch-3.1.3.tgz. Extracting by manifest.
692 silly tarball no local data for undefsafe@https://registry.npmjs.org/undefsafe/-/undefsafe-2.0.5.tgz. Extracting by manifest.
693 silly tarball no local data for touch@https://registry.npmjs.org/touch/-/touch-3.1.1.tgz. Extracting by manifest.
694 silly tarball no local data for pstree.remy@https://registry.npmjs.org/pstree.remy/-/pstree.remy-1.1.8.tgz. Extracting by manifest.
695 silly tarball no local data for simple-update-notifier@https://registry.npmjs.org/simple-update-notifier/-/simple-update-notifier-2.0.0.tgz. Extracting by manifest.
696 silly tarball no local data for minimatch@https://registry.npmjs.org/minimatch/-/minimatch-10.2.4.tgz. Extracting by manifest.
697 silly tarball no local data for supports-color@https://registry.npmjs.org/supports-color/-/supports-color-5.5.0.tgz. Extracting by manifest.
698 silly tarball no local data for chokidar@https://registry.npmjs.org/chokidar/-/chokidar-3.6.0.tgz. Extracting by manifest.
699 silly tarball no local data for ignore-by-default@https://registry.npmjs.org/ignore-by-default/-/ignore-by-default-1.0.1.tgz. Extracting by manifest.
700 silly tarball no local data for mpath@https://registry.npmjs.org/mpath/-/mpath-0.9.0.tgz. Extracting by manifest.
701 silly tarball no local data for sift@https://registry.npmjs.org/sift/-/sift-17.1.3.tgz. Extracting by manifest.
702 silly tarball no local data for kareem@https://registry.npmjs.org/kareem/-/kareem-3.2.0.tgz. Extracting by manifest.
703 silly tarball no local data for mime-db@https://registry.npmjs.org/mime-db/-/mime-db-1.54.0.tgz. Extracting by manifest.
704 silly tarball no local data for mquery@https://registry.npmjs.org/mquery/-/mquery-6.0.0.tgz. Extracting by manifest.
705 silly tarball no local data for toidentifier@https://registry.npmjs.org/toidentifier/-/toidentifier-1.0.1.tgz. Extracting by manifest.
706 silly tarball no local data for inherits@https://registry.npmjs.org/inherits/-/inherits-2.0.4.tgz. Extracting by manifest.
707 silly tarball no local data for setprototypeof@https://registry.npmjs.org/setprototypeof/-/setprototypeof-1.2.0.tgz. Extracting by manifest.
708 silly tarball no local data for safer-buffer@https://registry.npmjs.org/safer-buffer/-/safer-buffer-2.1.2.tgz. Extracting by manifest.
709 silly tarball no local data for raw-body@https://registry.npmjs.org/raw-body/-/raw-body-3.0.2.tgz. Extracting by manifest.
710 silly tarball no local data for iconv-lite@https://registry.npmjs.org/iconv-lite/-/iconv-lite-0.7.2.tgz. Extracting by manifest.
711 silly tarball no local data for bytes@https://registry.npmjs.org/bytes/-/bytes-3.1.2.tgz. Extracting by manifest.
712 silly tarball no local data for negotiator@https://registry.npmjs.org/negotiator/-/negotiator-1.0.0.tgz. Extracting by manifest.
713 silly tarball no local data for type-is@https://registry.npmjs.org/type-is/-/type-is-2.0.1.tgz. Extracting by manifest.
714 silly tarball no local data for statuses@https://registry.npmjs.org/statuses/-/statuses-2.0.2.tgz. Extracting by manifest.
715 silly tarball no local data for serve-static@https://registry.npmjs.org/serve-static/-/serve-static-2.2.1.tgz. Extracting by manifest.
716 silly tarball no local data for send@https://registry.npmjs.org/send/-/send-1.2.1.tgz. Extracting by manifest.
717 silly tarball no local data for router@https://registry.npmjs.org/router/-/router-2.2.0.tgz. Extracting by manifest.
718 silly tarball no local data for range-parser@https://registry.npmjs.org/range-parser/-/range-parser-1.2.1.tgz. Extracting by manifest.
719 silly tarball no local data for qs@https://registry.npmjs.org/qs/-/qs-6.15.0.tgz. Extracting by manifest.
720 silly tarball no local data for proxy-addr@https://registry.npmjs.org/proxy-addr/-/proxy-addr-2.0.7.tgz. Extracting by manifest.
721 silly tarball no local data for parseurl@https://registry.npmjs.org/parseurl/-/parseurl-1.3.3.tgz. Extracting by manifest.
722 silly tarball no local data for once@https://registry.npmjs.org/once/-/once-1.4.0.tgz. Extracting by manifest.
723 silly tarball no local data for on-finished@https://registry.npmjs.org/on-finished/-/on-finished-2.4.1.tgz. Extracting by manifest.
724 silly tarball no local data for mime-types@https://registry.npmjs.org/mime-types/-/mime-types-3.0.2.tgz. Extracting by manifest.
725 silly tarball no local data for merge-descriptors@https://registry.npmjs.org/merge-descriptors/-/merge-descriptors-2.0.0.tgz. Extracting by manifest.
726 silly tarball no local data for http-errors@https://registry.npmjs.org/http-errors/-/http-errors-2.0.1.tgz. Extracting by manifest.
727 silly tarball no local data for fresh@https://registry.npmjs.org/fresh/-/fresh-2.0.0.tgz. Extracting by manifest.
728 silly tarball no local data for etag@https://registry.npmjs.org/etag/-/etag-1.8.1.tgz. Extracting by manifest.
729 silly tarball no local data for escape-html@https://registry.npmjs.org/escape-html/-/escape-html-1.0.3.tgz. Extracting by manifest.
730 silly tarball no local data for finalhandler@https://registry.npmjs.org/finalhandler/-/finalhandler-2.1.1.tgz. Extracting by manifest.
731 silly tarball no local data for encodeurl@https://registry.npmjs.org/encodeurl/-/encodeurl-2.0.0.tgz. Extracting by manifest.
732 silly tarball no local data for depd@https://registry.npmjs.org/depd/-/depd-2.0.0.tgz. Extracting by manifest.
733 silly tarball no local data for cookie-signature@https://registry.npmjs.org/cookie-signature/-/cookie-signature-1.2.2.tgz. Extracting by manifest.
734 silly tarball no local data for cookie@https://registry.npmjs.org/cookie/-/cookie-0.7.2.tgz. Extracting by manifest.
735 silly tarball no local data for debug@https://registry.npmjs.org/debug/-/debug-4.4.3.tgz. Extracting by manifest.
736 silly tarball no local data for content-disposition@https://registry.npmjs.org/content-disposition/-/content-disposition-1.0.1.tgz. Extracting by manifest.
737 silly tarball no local data for content-type@https://registry.npmjs.org/content-type/-/content-type-1.0.5.tgz. Extracting by manifest.
738 silly tarball no local data for body-parser@https://registry.npmjs.org/body-parser/-/body-parser-2.2.2.tgz. Extracting by manifest.
739 silly tarball no local data for accepts@https://registry.npmjs.org/accepts/-/accepts-2.0.0.tgz. Extracting by manifest.
740 silly tarball no local data for vary@https://registry.npmjs.org/vary/-/vary-1.1.2.tgz. Extracting by manifest.
741 silly tarball no local data for object-assign@https://registry.npmjs.org/object-assign/-/object-assign-4.1.1.tgz. Extracting by manifest.
742 silly tarball no local data for nodemon@https://registry.npmjs.org/nodemon/-/nodemon-3.1.14.tgz. Extracting by manifest.
743 silly tarball no local data for mongoose@https://registry.npmjs.org/mongoose/-/mongoose-9.3.3.tgz. Extracting by manifest.
744 silly tarball no local data for dotenv@https://registry.npmjs.org/dotenv/-/dotenv-17.3.1.tgz. Extracting by manifest.
745 silly tarball no local data for express@https://registry.npmjs.org/express/-/express-5.2.1.tgz. Extracting by manifest.
746 silly tarball no local data for cors@https://registry.npmjs.org/cors/-/cors-2.8.6.tgz. Extracting by manifest.
747 http fetch GET 200 https://registry.npmjs.org/has-symbols/-/has-symbols-1.1.0.tgz 193ms (cache miss)
748 http fetch GET 200 https://registry.npmjs.org/dunder-proto/-/dunder-proto-1.0.1.tgz 213ms (cache miss)
749 http fetch GET 200 https://registry.npmjs.org/has-flag/-/has-flag-3.0.0.tgz 215ms (cache miss)
750 http fetch GET 200 https://registry.npmjs.org/call-bound/-/call-bound-1.0.4.tgz 222ms (cache miss)
751 http fetch GET 200 https://registry.npmjs.org/gopd/-/gopd-1.2.0.tgz 244ms (cache miss)
752 http fetch GET 200 https://registry.npmjs.org/media-typer/-/media-typer-1.1.0.tgz 245ms (cache miss)
753 http fetch GET 200 https://registry.npmjs.org/es-errors/-/es-errors-1.3.0.tgz 243ms (cache miss)
754 http fetch GET 200 https://registry.npmjs.org/is-number/-/is-number-7.0.0.tgz 261ms (cache miss)
755 http fetch GET 200 https://registry.npmjs.org/side-channel-weakmap/-/side-channel-weakmap-1.0.2.tgz 259ms (cache miss)
756 http fetch POST 200 https://registry.npmjs.org/-/npm/v1/security/advisories/bulk 337ms
757 silly audit report {}
758 http fetch GET 200 https://registry.npmjs.org/unpipe/-/unpipe-1.0.0.tgz 298ms (cache miss)
759 http fetch GET 200 https://registry.npmjs.org/side-channel-map/-/side-channel-map-1.0.1.tgz 307ms (cache miss)
760 http fetch GET 200 https://registry.npmjs.org/side-channel/-/side-channel-1.1.0.tgz 321ms (cache miss)
761 http fetch GET 200 https://registry.npmjs.org/is-promise/-/is-promise-4.0.0.tgz 334ms (cache miss)
762 http fetch GET 200 https://registry.npmjs.org/ipaddr.js/-/ipaddr.js-1.9.1.tgz 370ms (cache miss)
763 http fetch GET 200 https://registry.npmjs.org/wrappy/-/wrappy-1.0.2.tgz 373ms (cache miss)
764 http fetch GET 200 https://registry.npmjs.org/forwarded/-/forwarded-0.2.0.tgz 448ms (cache miss)
765 http fetch GET 200 https://registry.npmjs.org/ee-first/-/ee-first-1.1.1.tgz 554ms (cache miss)
766 http fetch GET 200 https://registry.npmjs.org/balanced-match/-/balanced-match-4.0.4.tgz 556ms (cache miss)
767 http fetch GET 200 https://registry.npmjs.org/braces/-/braces-3.0.3.tgz 552ms (cache miss)
768 http fetch GET 200 https://registry.npmjs.org/to-regex-range/-/to-regex-range-5.0.1.tgz 588ms (cache miss)
769 http fetch GET 200 https://registry.npmjs.org/path-to-regexp/-/path-to-regexp-8.4.0.tgz 601ms (cache miss)
770 http fetch GET 200 https://registry.npmjs.org/fill-range/-/fill-range-7.1.1.tgz 600ms (cache miss)
771 http fetch GET 200 https://registry.npmjs.org/undefsafe/-/undefsafe-2.0.5.tgz 598ms (cache miss)
772 http fetch GET 200 https://registry.npmjs.org/simple-update-notifier/-/simple-update-notifier-2.0.0.tgz 597ms (cache miss)
773 http fetch GET 200 https://registry.npmjs.org/is-extglob/-/is-extglob-2.1.1.tgz 612ms (cache miss)
774 http fetch GET 200 https://registry.npmjs.org/anymatch/-/anymatch-3.1.3.tgz 611ms (cache miss)
775 http fetch GET 200 https://registry.npmjs.org/normalize-path/-/normalize-path-3.0.0.tgz 618ms (cache miss)
776 http fetch GET 200 https://registry.npmjs.org/is-binary-path/-/is-binary-path-2.1.0.tgz 630ms (cache miss)
777 http fetch GET 200 https://registry.npmjs.org/ignore-by-default/-/ignore-by-default-1.0.1.tgz 627ms (cache miss)
778 http fetch GET 200 https://registry.npmjs.org/touch/-/touch-3.1.1.tgz 629ms (cache miss)
779 http fetch GET 200 https://registry.npmjs.org/supports-color/-/supports-color-5.5.0.tgz 628ms (cache miss)
780 http fetch GET 200 https://registry.npmjs.org/is-glob/-/is-glob-4.0.3.tgz 641ms (cache miss)
781 http fetch GET 200 https://registry.npmjs.org/binary-extensions/-/binary-extensions-2.3.0.tgz 665ms (cache miss)
782 http fetch GET 200 https://registry.npmjs.org/serve-static/-/serve-static-2.2.1.tgz 666ms (cache miss)
783 http fetch GET 200 https://registry.npmjs.org/parseurl/-/parseurl-1.3.3.tgz 672ms (cache miss)
784 http fetch GET 200 https://registry.npmjs.org/setprototypeof/-/setprototypeof-1.2.0.tgz 680ms (cache miss)
785 http fetch GET 200 https://registry.npmjs.org/type-is/-/type-is-2.0.1.tgz 679ms (cache miss)
786 http fetch GET 200 https://registry.npmjs.org/range-parser/-/range-parser-1.2.1.tgz 681ms (cache miss)
787 http fetch GET 200 https://registry.npmjs.org/once/-/once-1.4.0.tgz 681ms (cache miss)
788 http fetch GET 200 https://registry.npmjs.org/negotiator/-/negotiator-1.0.0.tgz 689ms (cache miss)
789 http fetch GET 200 https://registry.npmjs.org/router/-/router-2.2.0.tgz 693ms (cache miss)
790 http fetch GET 200 https://registry.npmjs.org/send/-/send-1.2.1.tgz 698ms (cache miss)
791 http fetch GET 200 https://registry.npmjs.org/finalhandler/-/finalhandler-2.1.1.tgz 697ms (cache miss)
792 http fetch GET 200 https://registry.npmjs.org/accepts/-/accepts-2.0.0.tgz 697ms (cache miss)
793 http fetch GET 200 https://registry.npmjs.org/etag/-/etag-1.8.1.tgz 703ms (cache miss)
794 http fetch GET 200 https://registry.npmjs.org/inherits/-/inherits-2.0.4.tgz 709ms (cache miss)
795 http fetch GET 200 https://registry.npmjs.org/content-type/-/content-type-1.0.5.tgz 701ms (cache miss)
796 http fetch GET 200 https://registry.npmjs.org/depd/-/depd-2.0.0.tgz 704ms (cache miss)
797 http fetch GET 200 https://registry.npmjs.org/encodeurl/-/encodeurl-2.0.0.tgz 704ms (cache miss)
798 http fetch GET 200 https://registry.npmjs.org/fresh/-/fresh-2.0.0.tgz 713ms (cache miss)
799 http fetch GET 200 https://registry.npmjs.org/on-finished/-/on-finished-2.4.1.tgz 714ms (cache miss)
800 http fetch GET 200 https://registry.npmjs.org/escape-html/-/escape-html-1.0.3.tgz 713ms (cache miss)
801 http fetch GET 200 https://registry.npmjs.org/object-assign/-/object-assign-4.1.1.tgz 712ms (cache miss)
802 http fetch GET 200 https://registry.npmjs.org/glob-parent/-/glob-parent-5.1.2.tgz 729ms (cache miss)
803 http fetch GET 200 https://registry.npmjs.org/readdirp/-/readdirp-3.6.0.tgz 731ms (cache miss)
804 http fetch GET 200 https://registry.npmjs.org/bytes/-/bytes-3.1.2.tgz 722ms (cache miss)
805 http fetch GET 200 https://registry.npmjs.org/toidentifier/-/toidentifier-1.0.1.tgz 725ms (cache miss)
806 http fetch GET 200 https://registry.npmjs.org/merge-descriptors/-/merge-descriptors-2.0.0.tgz 720ms (cache miss)
807 http fetch GET 200 https://registry.npmjs.org/http-errors/-/http-errors-2.0.1.tgz 719ms (cache miss)
808 http fetch GET 200 https://registry.npmjs.org/vary/-/vary-1.1.2.tgz 719ms (cache miss)
809 http fetch GET 200 https://registry.npmjs.org/cors/-/cors-2.8.6.tgz 717ms (cache miss)
810 http fetch GET 200 https://registry.npmjs.org/cookie-signature/-/cookie-signature-1.2.2.tgz 723ms (cache miss)
811 http fetch GET 200 https://registry.npmjs.org/es-define-property/-/es-define-property-1.0.1.tgz 825ms (cache miss)
812 http fetch GET 200 https://registry.npmjs.org/hasown/-/hasown-2.0.2.tgz 828ms (cache miss)
813 http fetch GET 200 https://registry.npmjs.org/picomatch/-/picomatch-2.3.2.tgz 872ms (cache miss)
814 http fetch GET 200 https://registry.npmjs.org/side-channel-list/-/side-channel-list-1.0.0.tgz 882ms (cache miss)
815 http fetch GET 200 https://registry.npmjs.org/mime-db/-/mime-db-1.54.0.tgz 875ms (cache miss)
816 http fetch GET 200 https://registry.npmjs.org/proxy-addr/-/proxy-addr-2.0.7.tgz 876ms (cache miss)
817 http fetch GET 200 https://registry.npmjs.org/content-disposition/-/content-disposition-1.0.1.tgz 874ms (cache miss)
818 http fetch GET 200 https://registry.npmjs.org/raw-body/-/raw-body-3.0.2.tgz 885ms (cache miss)
819 http fetch GET 200 https://registry.npmjs.org/debug/-/debug-4.4.3.tgz 880ms (cache miss)
820 http fetch GET 200 https://registry.npmjs.org/statuses/-/statuses-2.0.2.tgz 885ms (cache miss)
821 http fetch GET 200 https://registry.npmjs.org/cookie/-/cookie-0.7.2.tgz 884ms (cache miss)
822 http fetch GET 200 https://registry.npmjs.org/function-bind/-/function-bind-1.1.2.tgz 912ms (cache miss)
823 http fetch GET 200 https://registry.npmjs.org/pstree.remy/-/pstree.remy-1.1.8.tgz 908ms (cache miss)
824 http fetch GET 200 https://registry.npmjs.org/mime-types/-/mime-types-3.0.2.tgz 900ms (cache miss)
825 http fetch GET 200 https://registry.npmjs.org/get-intrinsic/-/get-intrinsic-1.3.0.tgz 918ms (cache miss)
826 http fetch GET 200 https://registry.npmjs.org/brace-expansion/-/brace-expansion-5.0.5.tgz 917ms (cache miss)
827 http fetch GET 200 https://registry.npmjs.org/get-proto/-/get-proto-1.0.1.tgz 924ms (cache miss)
828 http fetch GET 200 https://registry.npmjs.org/es-object-atoms/-/es-object-atoms-1.1.1.tgz 925ms (cache miss)
829 http fetch GET 200 https://registry.npmjs.org/safer-buffer/-/safer-buffer-2.1.2.tgz 913ms (cache miss)
830 http fetch GET 200 https://registry.npmjs.org/body-parser/-/body-parser-2.2.2.tgz 912ms (cache miss)
831 http fetch GET 200 https://registry.npmjs.org/chokidar/-/chokidar-3.6.0.tgz 926ms (cache miss)
832 http fetch GET 200 https://registry.npmjs.org/dotenv/-/dotenv-17.3.1.tgz 915ms (cache miss)
833 http fetch GET 200 https://registry.npmjs.org/mquery/-/mquery-6.0.0.tgz 931ms (cache miss)
834 http fetch GET 200 https://registry.npmjs.org/mpath/-/mpath-0.9.0.tgz 940ms (cache miss)
835 http fetch GET 200 https://registry.npmjs.org/call-bind-apply-helpers/-/call-bind-apply-helpers-1.0.2.tgz 952ms (cache miss)
836 http fetch GET 200 https://registry.npmjs.org/express/-/express-5.2.1.tgz 932ms (cache miss)
837 http fetch GET 200 https://registry.npmjs.org/qs/-/qs-6.15.0.tgz 958ms (cache miss)
838 http fetch GET 200 https://registry.npmjs.org/kareem/-/kareem-3.2.0.tgz 965ms (cache miss)
839 http fetch GET 200 https://registry.npmjs.org/sift/-/sift-17.1.3.tgz 972ms (cache miss)
840 http fetch GET 200 https://registry.npmjs.org/object-inspect/-/object-inspect-1.13.4.tgz 984ms (cache miss)
841 http fetch GET 200 https://registry.npmjs.org/math-intrinsics/-/math-intrinsics-1.1.0.tgz 996ms (cache miss)
842 http fetch GET 200 https://registry.npmjs.org/iconv-lite/-/iconv-lite-0.7.2.tgz 993ms (cache miss)
843 http fetch GET 200 https://registry.npmjs.org/nodemon/-/nodemon-3.1.14.tgz 997ms (cache miss)
844 http fetch GET 200 https://registry.npmjs.org/minimatch/-/minimatch-10.2.4.tgz 1018ms (cache miss)
845 http fetch GET 200 https://registry.npmjs.org/mongoose/-/mongoose-9.3.3.tgz 1236ms (cache miss)
846 silly ADD node_modules/media-typer
847 silly ADD node_modules/is-number
848 silly ADD node_modules/has-flag
849 silly ADD node_modules/dunder-proto
850 silly ADD node_modules/math-intrinsics
851 silly ADD node_modules/hasown
852 silly ADD node_modules/has-symbols
853 silly ADD node_modules/gopd
854 silly ADD node_modules/get-proto
855 silly ADD node_modules/es-object-atoms
856 silly ADD node_modules/es-define-property
857 silly ADD node_modules/function-bind
858 silly ADD node_modules/call-bind-apply-helpers
859 silly ADD node_modules/get-intrinsic
860 silly ADD node_modules/call-bound
861 silly ADD node_modules/side-channel-weakmap
862 silly ADD node_modules/side-channel-map
863 silly ADD node_modules/side-channel-list
864 silly ADD node_modules/object-inspect
865 silly ADD node_modules/es-errors
866 silly ADD node_modules/path-to-regexp
867 silly ADD node_modules/is-promise
868 silly ADD node_modules/unpipe
869 silly ADD node_modules/side-channel
870 silly ADD node_modules/ipaddr.js
871 silly ADD node_modules/forwarded
872 silly ADD node_modules/wrappy
873 silly ADD node_modules/ee-first
874 silly ADD node_modules/balanced-match
875 silly ADD node_modules/brace-expansion
876 silly ADD node_modules/is-extglob
877 silly ADD node_modules/binary-extensions
878 silly ADD node_modules/to-regex-range
879 silly ADD node_modules/fill-range
880 silly ADD node_modules/picomatch
881 silly ADD node_modules/readdirp
882 silly ADD node_modules/normalize-path
883 silly ADD node_modules/is-glob
884 silly ADD node_modules/is-binary-path
885 silly ADD node_modules/glob-parent
886 silly ADD
887 silly ADD node_modules/braces
888 silly ADD node_modules/anymatch
889 silly ADD node_modules/undefsafe
890 silly ADD node_modules/touch
891 silly ADD node_modules/supports-color
892 silly ADD node_modules/simple-update-notifier
893 silly ADD node_modules/pstree.remy
894 silly ADD node_modules/minimatch
895 silly ADD node_modules/ignore-by-default
896 silly ADD node_modules/chokidar
897 silly ADD node_modules/sift
898 silly ADD node_modules/mquery
899 silly ADD node_modules/mpath
900 silly ADD node_modules/kareem
901 silly ADD node_modules/mime-db
902 silly ADD node_modules/safer-buffer
903 silly ADD node_modules/toidentifier
904 silly ADD node_modules/setprototypeof
905 silly ADD node_modules/inherits
906 silly ADD node_modules/raw-body
907 silly ADD node_modules/iconv-lite
908 silly ADD node_modules/bytes
909 silly ADD node_modules/negotiator
910 silly ADD node_modules/type-is
911 silly ADD node_modules/statuses
912 silly ADD node_modules/serve-static
913 silly ADD node_modules/send
914 silly ADD node_modules/router
915 silly ADD node_modules/range-parser
916 silly ADD node_modules/qs
917 silly ADD node_modules/proxy-addr
918 silly ADD node_modules/parseurl
919 silly ADD node_modules/once
920 silly ADD node_modules/on-finished
921 silly ADD node_modules/mime-types
922 silly ADD node_modules/merge-descriptors
923 silly ADD node_modules/http-errors
924 silly ADD node_modules/fresh
925 silly ADD node_modules/finalhandler
926 silly ADD node_modules/etag
927 silly ADD node_modules/escape-html
928 silly ADD node_modules/encodeurl
929 silly ADD node_modules/depd
930 silly ADD node_modules/debug
931 silly ADD node_modules/cookie-signature
932 silly ADD node_modules/cookie
933 silly ADD node_modules/content-type
934 silly ADD node_modules/content-disposition
935 silly ADD node_modules/body-parser
936 silly ADD node_modules/accepts
937 silly ADD node_modules/vary
938 silly ADD node_modules/object-assign
939 silly ADD node_modules/nodemon
940 silly ADD node_modules/mongoose
941 silly ADD node_modules/express
942 silly ADD node_modules/dotenv
943 silly ADD node_modules/cors
944 verbose cwd C:\Users\hp\OneDrive\Desktop\portal-adv\techclub-portal\backend
945 verbose os Windows_NT 10.0.26200
946 verbose node v22.20.0
947 verbose npm  v10.9.3
948 notice
948 notice New major version of npm available! 10.9.3 -> 11.12.1
948 notice Changelog: https://github.com/npm/cli/releases/tag/v11.12.1
948 notice To update run: npm install -g npm@11.12.1
948 notice  { force: true, [Symbol(proc-log.meta)]: true }
949 verbose exit 0
950 info ok
